# JRE version: Java(TM) SE Runtime Environment (7.0_51-b13) (build 1.7.0_51-b13)
# Java VM: Java HotSpot(TM) 64-Bit Server VM (24.51-b03 mixed mode windows-amd64 compressed oops)
Heap
 PSYoungGen      total 250368K, used 800K [0x00000007f0000000, 0x0000000800000000, 0x0000000800000000)
  eden space 239104K, 0% used [0x00000007f0000000,0x00000007f0000000,0x00000007fe980000)
  from space 11264K, 7% used [0x00000007fe980000,0x00000007fea48000,0x00000007ff480000)
  to   space 10752K, 0% used [0x00000007ff580000,0x00000007ff580000,0x0000000800000000)
 ParOldGen       total 786432K, used 217976K [0x000000076d400000, 0x000000079d400000, 0x00000007f0000000)
  object space 786432K, 27% used [0x000000076d400000,0x000000077a8de118,0x000000079d400000)
 PSPermGen       total 524288K, used 78840K [0x0000000720c00000, 0x0000000740c00000, 0x000000076d400000)
  object space 524288K, 15% used [0x0000000720c00000,0x00000007258fe2a8,0x0000000740c00000)
GC Heap History (10 events):
Event: 4668.624 GC heap after
Heap after GC invocations=51 (full 2):
 PSYoungGen      total 246784K, used 1184K [0x00000007f0000000, 0x0000000800000000, 0x0000000800000000)
  eden space 232448K, 0% used [0x00000007f0000000,0x00000007f0000000,0x00000007fe300000)
  from space 14336K, 8% used [0x00000007fe300000,0x00000007fe428000,0x00000007ff100000)
  to   space 13312K, 0% used [0x00000007ff300000,0x00000007ff300000,0x0000000800000000)
 ParOldGen       total 786432K, used 217872K [0x000000076d400000, 0x000000079d400000, 0x00000007f0000000)
  object space 786432K, 27% used [0x000000076d400000,0x000000077a8c4118,0x000000079d400000)
 PSPermGen       total 524288K, used 78835K [0x0000000720c00000, 0x0000000740c00000, 0x000000076d400000)
  object space 524288K, 15% used [0x0000000720c00000,0x00000007258fcc08,0x0000000740c00000)
}
Event: 5318.392 GC heap before
{Heap before GC invocations=52 (full 2):
 PSYoungGen      total 246784K, used 233632K [0x00000007f0000000, 0x0000000800000000, 0x0000000800000000)
  eden space 232448K, 100% used [0x00000007f0000000,0x00000007fe300000,0x00000007fe300000)
  from space 14336K, 8% used [0x00000007fe300000,0x00000007fe428000,0x00000007ff100000)
  to   space 13312K, 0% used [0x00000007ff300000,0x00000007ff300000,0x0000000800000000)
 ParOldGen       total 786432K, used 217872K [0x000000076d400000, 0x000000079d400000, 0x00000007f0000000)
  object space 786432K, 27% used [0x000000076d400000,0x000000077a8c4118,0x000000079d400000)
 PSPermGen       total 524288K, used 78840K [0x0000000720c00000, 0x0000000740c00000, 0x000000076d400000)
  object space 524288K, 15% used [0x0000000720c00000,0x00000007258fe2a8,0x0000000740c00000)
Event: 5318.404 GC heap after
Heap after GC invocations=52 (full 2):
 PSYoungGen      total 249344K, used 1120K [0x00000007f0000000, 0x0000000800000000, 0x0000000800000000)
  eden space 236032K, 0% used [0x00000007f0000000,0x00000007f0000000,0x00000007fe680000)
  from space 13312K, 8% used [0x00000007ff300000,0x00000007ff418000,0x0000000800000000)
  to   space 12800K, 0% used [0x00000007fe680000,0x00000007fe680000,0x00000007ff300000)
 ParOldGen       total 786432K, used 217896K [0x000000076d400000, 0x000000079d400000, 0x00000007f0000000)
  object space 786432K, 27% used [0x000000076d400000,0x000000077a8ca118,0x000000079d400000)
 PSPermGen       total 524288K, used 78840K [0x0000000720c00000, 0x0000000740c00000, 0x000000076d400000)
  object space 524288K, 15% used [0x0000000720c00000,0x00000007258fe2a8,0x0000000740c00000)
}
Event: 6020.807 GC heap before
{Heap before GC invocations=53 (full 2):
 PSYoungGen      total 249344K, used 237152K [0x00000007f0000000, 0x0000000800000000, 0x0000000800000000)
  eden space 236032K, 100% used [0x00000007f0000000,0x00000007fe680000,0x00000007fe680000)
  from space 13312K, 8% used [0x00000007ff300000,0x00000007ff418000,0x0000000800000000)
  to   space 12800K, 0% used [0x00000007fe680000,0x00000007fe680000,0x00000007ff300000)
 ParOldGen       total 786432K, used 217896K [0x000000076d400000, 0x000000079d400000, 0x00000007f0000000)
  object space 786432K, 27% used [0x000000076d400000,0x000000077a8ca118,0x000000079d400000)
 PSPermGen       total 524288K, used 78840K [0x0000000720c00000, 0x0000000740c00000, 0x000000076d400000)
  object space 524288K, 15% used [0x0000000720c00000,0x00000007258fe2a8,0x0000000740c00000)
Event: 6020.819 GC heap after
Heap after GC invocations=53 (full 2):
 PSYoungGen      total 248832K, used 1120K [0x00000007f0000000, 0x0000000800000000, 0x0000000800000000)
  eden space 236032K, 0% used [0x00000007f0000000,0x00000007f0000000,0x00000007fe680000)
  from space 12800K, 8% used [0x00000007fe680000,0x00000007fe798000,0x00000007ff300000)
  to   space 11776K, 0% used [0x00000007ff480000,0x00000007ff480000,0x0000000800000000)
 ParOldGen       total 786432K, used 217920K [0x000000076d400000, 0x000000079d400000, 0x00000007f0000000)
  object space 786432K, 27% used [0x000000076d400000,0x000000077a8d0118,0x000000079d400000)
 PSPermGen       total 524288K, used 78840K [0x0000000720c00000, 0x0000000740c00000, 0x000000076d400000)
  object space 524288K, 15% used [0x0000000720c00000,0x00000007258fe2a8,0x0000000740c00000)
}
Event: 9390.936 GC heap before
{Heap before GC invocations=54 (full 2):
 PSYoungGen      total 248832K, used 237152K [0x00000007f0000000, 0x0000000800000000, 0x0000000800000000)
  eden space 236032K, 100% used [0x00000007f0000000,0x00000007fe680000,0x00000007fe680000)
  from space 12800K, 8% used [0x00000007fe680000,0x00000007fe798000,0x00000007ff300000)
  to   space 11776K, 0% used [0x00000007ff480000,0x00000007ff480000,0x0000000800000000)
 ParOldGen       total 786432K, used 217920K [0x000000076d400000, 0x000000079d400000, 0x00000007f0000000)
  object space 786432K, 27% used [0x000000076d400000,0x000000077a8d0118,0x000000079d400000)
 PSPermGen       total 524288K, used 78840K [0x0000000720c00000, 0x0000000740c00000, 0x000000076d400000)
  object space 524288K, 15% used [0x0000000720c00000,0x00000007258fe2a8,0x0000000740c00000)
Event: 9390.948 GC heap after
Heap after GC invocations=54 (full 2):
 PSYoungGen      total 250880K, used 1152K [0x00000007f0000000, 0x0000000800000000, 0x0000000800000000)
  eden space 239104K, 0% used [0x00000007f0000000,0x00000007f0000000,0x00000007fe980000)
  from space 11776K, 9% used [0x00000007ff480000,0x00000007ff5a0000,0x0000000800000000)
  to   space 11264K, 0% used [0x00000007fe980000,0x00000007fe980000,0x00000007ff480000)
 ParOldGen       total 786432K, used 217944K [0x000000076d400000, 0x000000079d400000, 0x00000007f0000000)
  object space 786432K, 27% used [0x000000076d400000,0x000000077a8d6118,0x000000079d400000)
 PSPermGen       total 524288K, used 78840K [0x0000000720c00000, 0x0000000740c00000, 0x000000076d400000)
  object space 524288K, 15% used [0x0000000720c00000,0x00000007258fe2a8,0x0000000740c00000)
}
Event: 9868.484 GC heap before
{Heap before GC invocations=55 (full 2):
 PSYoungGen      total 250880K, used 164188K [0x00000007f0000000, 0x0000000800000000, 0x0000000800000000)
  eden space 239104K, 68% used [0x00000007f0000000,0x00000007f9f371a8,0x00000007fe980000)
  from space 11776K, 9% used [0x00000007ff480000,0x00000007ff5a0000,0x0000000800000000)
  to   space 11264K, 0% used [0x00000007fe980000,0x00000007fe980000,0x00000007ff480000)
 ParOldGen       total 786432K, used 217944K [0x000000076d400000, 0x000000079d400000, 0x00000007f0000000)
  object space 786432K, 27% used [0x000000076d400000,0x000000077a8d6118,0x000000079d400000)
 PSPermGen       total 524288K, used 78840K [0x0000000720c00000, 0x0000000740c00000, 0x000000076d400000)
  object space 524288K, 15% used [0x0000000720c00000,0x00000007258fe2a8,0x0000000740c00000)
Event: 9868.495 GC heap after
Heap after GC invocations=55 (full 2):
 PSYoungGen      total 250368K, used 800K [0x00000007f0000000, 0x0000000800000000, 0x0000000800000000)
  eden space 239104K, 0% used [0x00000007f0000000,0x00000007f0000000,0x00000007fe980000)
  from space 11264K, 7% used [0x00000007fe980000,0x00000007fea48000,0x00000007ff480000)
  to   space 10752K, 0% used [0x00000007ff580000,0x00000007ff580000,0x0000000800000000)
 ParOldGen       total 786432K, used 217976K [0x000000076d400000, 0x000000079d400000, 0x00000007f0000000)
  object space 786432K, 27% used [0x000000076d400000,0x000000077a8de118,0x000000079d400000)
 PSPermGen       total 524288K, used 78840K [0x0000000720c00000, 0x0000000740c00000, 0x000000076d400000)
  object space 524288K, 15% used [0x0000000720c00000,0x00000007258fe2a8,0x0000000740c00000)
}
Event: 9868.495 GC heap before
{Heap before GC invocations=56 (full 3):
 PSYoungGen      total 250368K, used 800K [0x00000007f0000000, 0x0000000800000000, 0x0000000800000000)
  eden space 239104K, 0% used [0x00000007f0000000,0x00000007f0000000,0x00000007fe980000)
  from space 11264K, 7% used [0x00000007fe980000,0x00000007fea48000,0x00000007ff480000)
  to   space 10752K, 0% used [0x00000007ff580000,0x00000007ff580000,0x0000000800000000)
 ParOldGen       total 786432K, used 217976K [0x000000076d400000, 0x000000079d400000, 0x00000007f0000000)
  object space 786432K, 27% used [0x000000076d400000,0x000000077a8de118,0x000000079d400000)
 PSPermGen       total 524288K, used 78840K [0x0000000720c00000, 0x0000000740c00000, 0x000000076d400000)
  object space 524288K, 15% used [0x0000000720c00000,0x00000007258fe2a8,0x0000000740c00000)

